Arguments: 
  /Users/ekaterinaivanova/.nvm/versions/node/v12.14.1/bin/node /Users/ekaterinaivanova/.yarn/bin/yarn.js

PATH: 
  /Users/ekaterinaivanova/.yarn/bin:/Users/ekaterinaivanova/.config/yarn/global/node_modules/.bin:/Users/ekaterinaivanova/.nvm/versions/node/v12.14.1/bin:/usr/local/bin:/usr/bin:/bin:/usr/sbin:/sbin

Yarn version: 
  1.21.1

Node version: 
  12.14.1

Platform: 
  darwin x64

Trace: 
  SyntaxError: /Users/ekaterinaivanova/Documents/projects/studio-manager/studio-manager-server/package.json: Unexpected token } in JSON at position 1092
      at JSON.parse (<anonymous>)
      at /Users/ekaterinaivanova/.yarn/lib/cli.js:1625:59
      at Generator.next (<anonymous>)
      at step (/Users/ekaterinaivanova/.yarn/lib/cli.js:310:30)
      at /Users/ekaterinaivanova/.yarn/lib/cli.js:321:13

npm manifest: 
  {
    "name": "studio-manager-server",
    "version": "1.0.0",
    "description": "",
    "main": "src/index.js",
    "scripts": {
      "build": "babel index.js --out-file compiled/index.js",
      "dev": "nodemon --exec babel-node src/index.js"
    },
    "repository": {
      "type": "git",
      "url": "git+https://github.com/ekaterinaivanova/studio-manager-server.git"
    },
    "author": "Ekaterina Ivanova",
    "license": "ISC",
    "bugs": {
      "url": "https://github.com/ekaterinaivanova/studio-manager-server/issues"
    },
    "homepage": "https://github.com/ekaterinaivanova/studio-manager-server#readme",
    "dependencies": {
      "babel-cli": "^6.26.0",
      "graphql-yoga": "^1.18.3",
      "luxon": "^1.23.0",
      "mongoose": "^5.9.7",
      "dataloader": "^1.4.0"
  
    },
    "devDependencies": {
      "babel-eslint": "^10.1.0",
      "babel-loader": "^8.1.0",
      "babel-plugin-transform-object-rest-spread": "^6.26.0",
      "babel-preset-es2015": "^6.24.1",
      "eslint": "^6.8.0",
      "eslint-plugin-babel": "^5.3.0",
      "eslint-plugin-react": "^7.19.0",
      "graphql": "^0.13.2",
      "graphql-tools": "^2.24.0",
    }
  }

yarn manifest: 
  No manifest

Lockfile: 
  
